<?xml version="1.0" encoding="UTF-8"?>
<testng-results ignored="0" total="1" passed="1" failed="0" skipped="0">
  <reporter-output>
  </reporter-output>
  <suite started-at="2023-04-20T16:15:07 IST" name="Default suite" finished-at="2023-04-20T16:15:34 IST" duration-ms="27210">
    <groups>
    </groups>
    <test started-at="2023-04-20T16:15:07 IST" name="Default test" finished-at="2023-04-20T16:15:34 IST" duration-ms="27210">
      <class name="com.facebookmessenger.messenger.TestMessengerLoop">
        <test-method is-config="true" signature="openBrowser()[pri:0, instance:com.facebookmessenger.messenger.TestMessengerLoop@6404f418]" started-at="2023-04-20T16:15:07 IST" name="openBrowser" finished-at="2023-04-20T16:15:09 IST" duration-ms="1777" status="PASS">
          <reporter-output>
          </reporter-output>
        </test-method> <!-- openBrowser -->
        <test-method is-config="true" signature="login()[pri:0, instance:com.facebookmessenger.messenger.TestMessengerLoop@6404f418]" started-at="2023-04-20T16:15:09 IST" name="login" finished-at="2023-04-20T16:15:11 IST" duration-ms="1703" status="PASS">
          <reporter-output>
          </reporter-output>
        </test-method> <!-- login -->
        <test-method signature="testMsg()[pri:0, instance:com.facebookmessenger.messenger.TestMessengerLoop@6404f418]" started-at="2023-04-20T16:15:11 IST" name="testMsg" finished-at="2023-04-20T16:15:31 IST" duration-ms="20069" status="PASS">
          <reporter-output>
          </reporter-output>
        </test-method> <!-- testMsg -->
        <test-method is-config="true" signature="logOut()[pri:0, instance:com.facebookmessenger.messenger.TestMessengerLoop@6404f418]" started-at="2023-04-20T16:15:31 IST" name="logOut" finished-at="2023-04-20T16:15:34 IST" duration-ms="3366" status="PASS">
          <reporter-output>
          </reporter-output>
        </test-method> <!-- logOut -->
        <test-method is-config="true" signature="closeBrowser()[pri:0, instance:com.facebookmessenger.messenger.TestMessengerLoop@6404f418]" started-at="2023-04-20T16:15:34 IST" name="closeBrowser" finished-at="2023-04-20T16:15:34 IST" duration-ms="230" status="PASS">
          <reporter-output>
          </reporter-output>
        </test-method> <!-- closeBrowser -->
      </class> <!-- com.facebookmessenger.messenger.TestMessengerLoop -->
    </test> <!-- Default test -->
  </suite> <!-- Default suite -->
</testng-results>
